<?xml version="1.0" encoding="UTF-8"?>
<!-- Generated by org.testng.reporters.JUnitReportReporter -->
<testsuite hostname="DESKTOP-L326GGM" failures="0" tests="6" name="modules.privilege" time="130.008" errors="0" timestamp="2022-07-14T10:51:38 IST" skipped="0">
  <testcase classname="modules.privilege" name="addUser" time="6.022"/>
  <system-out>
    <![CDATA[<table border="1">
<thead>
<tr>
<th>Test Cases</th>
<th>Expected Result</th>
<th>Actual Result</th>
<th>Status</th>
</tr>
</thead>
<tbody>
<td>FirstName: testname ValidLastName:testname Email:zybisystest@gmail.com Phone:9676543213</td>
<td>Pass</td>
<td>pass</td>
<td style="color:green">passed</td>
</tr>]]>
  </system-out>
  <testcase classname="modules.privilege" name="invaidEmail" time="30.612"/>
  <system-out>
    <![CDATA[<table border="1">
<thead>
<tr>
<th>Test Cases</th>
<th>Expected Result</th>
<th>Actual Result</th>
<th>Status</th>
</tr>
</thead>
<tbody>
<tr>
<td>!^-abc@gmail.com</td>
<td>fail</td>
<td>fail</td>
<td style="color:green">passed</td>
</tr>
<tr>
<td>#$%&paru@gmail.com</td>
<td>fail</td>
<td>fail</td>
<td style="color:green">passed</td>
</tr>
<tr>
<td>||||@gmail.com</td>
<td>fail</td>
<td>fail</td>
<td style="color:green">passed</td>
</tr>
<tr>
<td>????@gmail.com</td>
<td>fail</td>
<td>fail</td>
<td style="color:green">passed</td>
</tr>
<tr>
<td>****@gmail.com</td>
<td>fail</td>
<td>fail</td>
<td style="color:green">passed</td>
</tr>
<tr>
<td>%%@gmail.com</td>
<td>fail</td>
<td>fail</td>
<td style="color:green">passed</td>
</tr>]]>
  </system-out>
  <testcase classname="modules.privilege" name="invaidFirstName" time="20.018"/>
  <system-out>
    <![CDATA[<table border="1">
<thead>
<tr>
<th>Test Cases</th>
<th>Expected Result</th>
<th>Actual Result</th>
<th>Status</th>
</tr>
</thead>
<tbody>
<tr>
<td>!^_^</td>
<td>fail</td>
<td>fail</td>
<td style="color:green">passed</td>
</tr>
<tr>
<td>abc-com</td>
<td>fail</td>
<td>fail</td>
<td style="color:green">passed</td>
</tr>
<tr>
<td> |||||</td>
<td>fail</td>
<td>fail</td>
<td style="color:green">passed</td>
</tr>
<tr>
<td>---test--- </td>
<td>fail</td>
<td>fail</td>
<td style="color:green">passed</td>
</tr>]]>
  </system-out>
  <testcase classname="modules.privilege" name="EditUser" time="26.368"/>
  <system-out>
    <![CDATA[<table border="1">
<thead>
<tr>
<th>Test Cases</th>
<th>Expected Result</th>
<th>Actual Result</th>
<th>Status</th>
</tr>
</thead>
<tbody>
<tr>
<td>Edit user :  puja</td>
<td>Pass</td>
<td>Pass</td>
<td style="color:green">Passed</td>
</tr>]]>
  </system-out>
  <testcase classname="modules.privilege" name="changePassWord" time="36.279"/>
  <system-out>
    <![CDATA[<table border="1">
<thead>
<tr>
<th>Test Cases</th>
<th>Expected Result</th>
<th>Actual Result</th>
<th>Status</th>
</tr>
</thead>
<tbody>
<tr>
<td>oldpassword :Zybisys@321</td>
<td>Pass</td>
<td>Pass</td>
<td style="color:green">Passed</td>
<tr>
<td>newPassword : Zybisys@987</td>
<td>Pass</td>
<td>Pass</td>
<td style="color:green">Passed</td>
<tr>
<td>confirmpassword : Zybisys@987</td>
<td>Pass</td>
<td>Pass</td>
<td style="color:green">Passed</td>
</tr>]]>
  </system-out>
  <testcase classname="modules.privilege" name="deleteUser" time="10.709"/>
  <system-out>
    <![CDATA[<table border="1">
<thead>
<tr>
<th>Test Cases</th>
<th>Expected Result</th>
<th>Actual Result</th>
<th>Status</th>
</tr>
</thead>
<tbody>
<tr>
<td>delet user :  puja</td>
<td>Pass</td>
<td>Pass</td>
<td style="color:green">Passed</td>
</tr>]]>
  </system-out>
</testsuite> <!-- modules.privilege -->
