<?xml version="1.0" encoding="UTF-8"?>
<!-- Generated by org.testng.reporters.JUnitReportReporter -->
<testsuite hostname="DESKTOP-L326GGM" failures="0" tests="1" name="modules.admin.audit" time="38.403" errors="0" timestamp="2022-04-20T21:48:37 IST" skipped="0">
  <testcase classname="modules.admin.audit" name="main" time="38.403"/>
  <system-out>
    <![CDATA[navigated successfulluy to https://uat-admin-conssole.zybisys.com/customers/details/5eb25f0c37ad1d2e13d2abf9</br>
entered successfully email admin@zybisys.com </br>
entered succesfully password Zyb1&y&0 </br>
Clicked on login succesfully]]>
  </system-out>
</testsuite> <!-- modules.admin.audit -->
