<?xml version="1.0" encoding="UTF-8"?>
<!-- Generated by org.testng.reporters.JUnitReportReporter -->
<testsuite hostname="DESKTOP-L326GGM" failures="0" tests="7" name="COCmodules.privilege" time="170.725" errors="0" timestamp="2022-07-28T09:02:04 IST" skipped="0">
  <testcase classname="COCmodules.privilege" name="setUp" time="9.850"/>
  <system-out/>
  <testcase classname="COCmodules.privilege" name="addUser" time="5.346"/>
  <system-out>
    <![CDATA[<table border="1">
<thead>
<tr>
<th>Test Cases</th>
<th>Expected Result</th>
<th>Actual Result</th>
<th>Status</th>
</tr>
</thead>
<tbody>
<td>FirstName: testname LastName:testname Email:zybisystest@gmail.com Phone:9877655423</td>
<td>Pass</td>
<td>pass</td>
<td style="color:green">passed</td>
</tr>]]>
  </system-out>
  <testcase classname="COCmodules.privilege" name="invaidFirstName" time="20.839"/>
  <system-out>
    <![CDATA[<table border="1">
<thead>
<tr>
<th>Test Cases</th>
<th>Expected Result</th>
<th>Actual Result</th>
<th>Status</th>
</tr>
</thead>
<tbody>
<tr>
<td>!^_^</td>
<td>fail</td>
<td>pass</td>
<td style="color:red">failed</td>
</tr>
<tr>
<td>abc-com</td>
<td>fail</td>
<td>pass</td>
<td style="color:red">failed</td>
</tr>
<tr>
<td> |||||</td>
<td>fail</td>
<td>pass</td>
<td style="color:red">failed</td>
</tr>
<tr>
<td>---test--- </td>
<td>fail</td>
<td>pass</td>
<td style="color:red">failed</td>
</tr>]]>
  </system-out>
  <testcase classname="COCmodules.privilege" name="invaidEmail" time="60.373"/>
  <system-out>
    <![CDATA[<table border="1">
<thead>
<tr>
<th>Test Cases</th>
<th>Expected Result</th>
<th>Actual Result</th>
<th>Status</th>
</tr>
</thead>
<tbody>
<tr>
<td>!^-abc@gmail.com</td>
<td>fail</td>
<td>pass</td>
<td style="color:red">failed</td>
</tr>
<tr>
<td>#$%&paru@gmail.com</td>
<td>fail</td>
<td>pass</td>
<td style="color:red">failed</td>
</tr>
<tr>
<td>||||@gmail.com</td>
<td>fail</td>
<td>pass</td>
<td style="color:red">failed</td>
</tr>
<tr>
<td>????@gmail.com</td>
<td>fail</td>
<td>pass</td>
<td style="color:red">failed</td>
</tr>
<tr>
<td>****@gmail.com</td>
<td>fail</td>
<td>pass</td>
<td style="color:red">failed</td>
</tr>
<tr>
<td>%%@gmail.com</td>
<td>fail</td>
<td>pass</td>
<td style="color:red">failed</td>
</tr>]]>
  </system-out>
  <testcase classname="COCmodules.privilege" name="EditUser" time="26.650"/>
  <system-out>
    <![CDATA[<table border="1">
<thead>
<tr>
<th>Test Cases</th>
<th>Expected Result</th>
<th>Actual Result</th>
<th>Status</th>
</tr>
</thead>
<tbody>
<tr>
<td>Edit user :  puja</td>
<td>Pass</td>
<td>Pass</td>
<td style="color:green">Passed</td>
</tr>]]>
  </system-out>
  <testcase classname="COCmodules.privilege" name="changePassWord" time="36.040"/>
  <system-out>
    <![CDATA[<table border="1">
<thead>
<tr>
<th>Test Cases</th>
<th>Expected Result</th>
<th>Actual Result</th>
<th>Status</th>
</tr>
</thead>
<tbody>
<tr>
<td>current password:Zybisys@321 new password::Zybisys@123</td>
<td>Passed</td>
<td>Passed</td>
<td style="color:green">Passed</td>
</tr>]]>
  </system-out>
  <testcase classname="COCmodules.privilege" name="deleteUser" time="11.627"/>
  <system-out>
    <![CDATA[<table border="1">
<thead>
<tr>
<th>Test Cases</th>
<th>Expected Result</th>
<th>Actual Result</th>
<th>Status</th>
</tr>
</thead>
<tbody>
<tr>
<td>delet user :  puja</td>
<td>Passed</td>
<td>Passed</td>
<td style="color:green">Passed</td>
</tr>]]>
  </system-out>
</testsuite> <!-- COCmodules.privilege -->
