<?xml version="1.0" encoding="UTF-8"?>
<!-- Generated by org.testng.reporters.JUnitReportReporter -->
<testsuite hostname="DESKTOP-L326GGM" failures="0" tests="3" name="modules.components.Login" time="251.339" errors="0" timestamp="2022-06-29T12:16:55 IST" skipped="0">
  <testcase classname="modules.components.Login" name="ValidLogin" time="11.688"/>
  <system-out>
    <![CDATA[<table border="1">
<thead>
<tr>
<th>Test Cases</th>
<th>Expected Result</th>
<th>Actual Result</th>
<th>Status</th>
</tr>
</thead>
<tbody>
<tr>
<td>ValidLogin  abdul@gmail.com passWords Zybisys@321</td>
<td>pass</td>
<td style="color:green">pass</td>
<td style="color:green">Passed</td>
</tr>
</tbody>
</table>]]>
  </system-out>
  <testcase classname="modules.components.Login" name="InValidUserName" time="119.856"/>
  <system-out>
    <![CDATA[<table border="1">
<thead>
<tr>
<th>Test Cases</th>
<th>Expected Result</th>
<th>Actual Result</th>
<th>Status</th>
</tr>
</thead>
<tbody>
<td>ValidLogin -, !, #, ? passWords Zybisys@321</td>
<td>pass</td>
<td style="color:green">pass</td>
<td style="color:green">Passed</td>
</tr>
<td>ValidLogin ABC...123@gmail.com passWords Zybisys@321</td>
<td>pass</td>
<td style="color:green">pass</td>
<td style="color:green">Passed</td>
</tr>
<td>ValidLogin  passWords Zybisys@321</td>
<td>pass</td>
<td style="color:red">fail</td>
<td style="color:red">Failed</td>
</tr>
<td>ValidLogin ABDUL@GMAIL >COM passWords Zybisys@321</td>
<td>pass</td>
<td style="color:green">pass</td>
<td style="color:green">Passed</td>
</tr>
<td>ValidLogin @gmail.com passWords Zybisys@321</td>
<td>pass</td>
<td style="color:green">pass</td>
<td style="color:green">Passed</td>
</tr>
<td>ValidLogin trade#gmail.com passWords Zybisys@321</td>
<td>pass</td>
<td style="color:green">pass</td>
<td style="color:green">Passed</td>
</tr>
<td>ValidLogin 123456 passWords Zybisys@321</td>
<td>pass</td>
<td style="color:green">pass</td>
<td style="color:green">Passed</td>
</tr>
<td>ValidLogin trade#@gmail :com passWords Zybisys@321</td>
<td>pass</td>
<td style="color:green">pass</td>
<td style="color:green">Passed</td>
</tr>
<td>ValidLogin @gmail_com passWords Zybisys@321</td>
<td>pass</td>
<td style="color:green">pass</td>
<td style="color:green">Passed</td>
</tr>
<td>ValidLogin 12345 passWords Zybisys@321</td>
<td>pass</td>
<td style="color:green">pass</td>
<td style="color:green">Passed</td>
</tr>
</tbody>
</table>]]>
  </system-out>
  <testcase classname="modules.components.Login" name="InValidPassWord" time="119.795"/>
  <system-out>
    <![CDATA[<table border="1">
<thead>
<tr>
<th>Test Cases</th>
<th>Expected Result</th>
<th>Actual Result</th>
<th>Status</th>
</tr>
</thead>
<tbody>
<td>ValidLogin abdul@gmail.com passWords Zybisys@</td>
<td>pass</td>
<td style="color:green">pass</td>
<td style="color:green">Passed</td>
</tr>
<td>ValidLogin abdul@gmail.com passWords 1234</td>
<td>pass</td>
<td style="color:green">pass</td>
<td style="color:green">Passed</td>
</tr>
<td>ValidLogin abdul@gmail.com passWords Zybisys#12345</td>
<td>pass</td>
<td style="color:green">pass</td>
<td style="color:green">Passed</td>
</tr>
<td>ValidLogin abdul@gmail.com passWords !@#$%^</td>
<td>pass</td>
<td style="color:green">pass</td>
<td style="color:green">Passed</td>
</tr>
<td>ValidLogin abdul@gmail.com passWords ZYBISYS</td>
<td>pass</td>
<td style="color:green">pass</td>
<td style="color:green">Passed</td>
</tr>
<td>ValidLogin abdul@gmail.com passWords 1234 #(){}</td>
<td>pass</td>
<td style="color:green">pass</td>
<td style="color:green">Passed</td>
</tr>
<td>ValidLogin abdul@gmail.com passWords zybisys_908</td>
<td>pass</td>
<td style="color:green">pass</td>
<td style="color:green">Passed</td>
</tr>
<td>ValidLogin abdul@gmail.com passWords ZYBISYS()&^%</td>
<td>pass</td>
<td style="color:green">pass</td>
<td style="color:green">Passed</td>
</tr>
<td>ValidLogin abdul@gmail.com passWords </td>
<td>pass</td>
<td style="color:red">fail</td>
<td style="color:red">Failed</td>
</tr>
<td>ValidLogin abdul@gmail.com passWords zybi</td>
<td>pass</td>
<td style="color:green">pass</td>
<td style="color:green">Passed</td>
</tr>
</tbody>
</table>]]>
  </system-out>
</testsuite> <!-- modules.components.Login -->
