<?xml version="1.0" encoding="UTF-8"?>
<!-- Generated by org.testng.reporters.JUnitReportReporter -->
<testsuite hostname="DESKTOP-L326GGM" failures="0" tests="3" name="modules.Authentication" time="470.273" errors="0" timestamp="2022-07-15T06:45:19 IST" skipped="0">
  <testcase classname="modules.Authentication" name="ValidLogin" time="22.060"/>
  <system-out>
    <![CDATA[<table border="1">
<thead>
<tr>
<th>Test Cases</th>
<th>Expected Result</th>
<th>Actual Result</th>
<th>Status</th>
</tr>
</thead>
<tbody>
<tr>
<td>abdul@gmail.com Zybisys@321</td>
<td>Pass</td>
<td>Pass</td>
<td style="color:green">Passed</td>
</tr>
</tbody>
</table>]]>
  </system-out>
  <testcase classname="modules.Authentication" name="InValidUserName" time="224.128"/>
  <system-out>
    <![CDATA[<table border="1">
<thead>
<tr>
<th>Test Cases</th>
<th>Expected Result</th>
<th>Actual Result</th>
<th>Status</th>
</tr>
</thead>
<tbody>
<td> - ! #,?</td>
<td>Fail</td>
<td>Fail</td>
<td style="color:green">Passed</td>
</tr>
<td> ABC...123@gmail.com</td>
<td>Fail</td>
<td>Fail</td>
<td style="color:green">Passed</td>
</tr>
<td> </td>
<td>Fail</td>
<td>Pass</td>
<td style="color:red">Failed</td>
</tr>
<td> ABDUL@GMAIL >COM</td>
<td>Fail</td>
<td>Fail</td>
<td style="color:green">Passed</td>
</tr>
<td> @gmail.com</td>
<td>Fail</td>
<td>Fail</td>
<td style="color:green">Passed</td>
</tr>
<td> trade#gmail.com</td>
<td>Fail</td>
<td>Fail</td>
<td style="color:green">Passed</td>
</tr>
<td> 123456</td>
<td>Fail</td>
<td>Fail</td>
<td style="color:green">Passed</td>
</tr>
<td> trade#@gmail :com</td>
<td>Fail</td>
<td>Fail</td>
<td style="color:green">Passed</td>
</tr>
<td> @gmail_com</td>
<td>Fail</td>
<td>Fail</td>
<td style="color:green">Passed</td>
</tr>
<td> 12345</td>
<td>Fail</td>
<td>Fail</td>
<td style="color:green">Passed</td>
</tr>
</tbody>
</table>]]>
  </system-out>
  <testcase classname="modules.Authentication" name="InValidPassWord" time="224.085"/>
  <system-out>
    <![CDATA[<table border="1">
<thead>
<tr>
<th>Test Cases</th>
<th>Expected Result</th>
<th>Actual Result</th>
<th>Status</th>
</tr>
</thead>
<tbody>
<td> Zybisys@</td>
<td>Fail</td>
<td>Fail</td>
<td style="color:green">Passed</td>
</tr>
<td> 1234</td>
<td>Fail</td>
<td>Fail</td>
<td style="color:green">Passed</td>
</tr>
<td> Zybisys#12345</td>
<td>Fail</td>
<td>Fail</td>
<td style="color:green">Passed</td>
</tr>
<td> !@#$%^</td>
<td>Fail</td>
<td>Fail</td>
<td style="color:green">Passed</td>
</tr>
<td> ZYBISYS</td>
<td>Fail</td>
<td>Fail</td>
<td style="color:green">Passed</td>
</tr>
<td> 1234 #(){}</td>
<td>Fail</td>
<td>Fail</td>
<td style="color:green">Passed</td>
</tr>
<td> zybisys_908</td>
<td>Fail</td>
<td>Fail</td>
<td style="color:green">Passed</td>
</tr>
<td> ZYBISYS()&^%</td>
<td>Fail</td>
<td>Fail</td>
<td style="color:green">Passed</td>
</tr>
<td> </td>
<td>Fail</td>
<td style="color:red">Pass</td>
<td style="color:red">Failed</td>
</tr>
<td> zybi</td>
<td>Fail</td>
<td>Fail</td>
<td style="color:green">Passed</td>
</tr>
</tbody>
</table>]]>
  </system-out>
</testsuite> <!-- modules.Authentication -->
