<?xml version="1.0" encoding="UTF-8"?>
<!-- Generated by org.testng.reporters.JUnitReportReporter -->
<testsuite hostname="DESKTOP-L326GGM" failures="0" tests="1" name="modules.Report" time="121.868" errors="0" timestamp="2022-07-16T10:17:32 IST" skipped="0">
  <testcase classname="modules.Report" name="main" time="121.868"/>
  <system-out>
    <![CDATA[<table border="1">
<thead>
<tr>
<th>IPaddress</th>
<th>TrisulReport</th>
<th>COCReport</th>
<th>Status</th>
</tr>
</thead>
<tbody>
<tr>
<tr>
<td>154.83.3.29 Total</td>
<td>2.10 GB</td>
<td>2.09 GB</td>
<td>false</td>
<tr>
<td>154.83.3.29 Received</td>
<td> 129.90 MB</td>
<td>130 MB</td>
<td>false</td>
<tr>
<td>154.83.3.29 Transmit</td>
<td> 1.97 GB</td>
<td>2 GB</td>
<td>false</td>
<tr>
<td>154.83.3.8 Total</td>
<td>1.41 GB</td>
<td>1.40 GB</td>
<td>false</td>
<tr>
<td>154.83.3.8 Received</td>
<td> 1.32 GB</td>
<td>1 GB</td>
<td>false</td>
<tr>
<td>154.83.3.8 Transmit</td>
<td> 87.88 MB</td>
<td>86 MB</td>
<td>false</td>
<tr>
<td>154.83.3.161 Total</td>
<td>679.34 MB</td>
<td>679.35 MB</td>
<td>false</td>
<tr>
<td>154.83.3.161 Received</td>
<td> 14.95 MB</td>
<td>15 MB</td>
<td>false</td>
<tr>
<td>154.83.3.161 Transmit</td>
<td> 664.39 MB</td>
<td>664 MB</td>
<td>false</td>
<tr>
<td>103.174.106.1 Total</td>
<td>29.66 MB</td>
<td>29.66 MB</td>
<td>true</td>
<tr>
<td>103.174.106.1 Received</td>
<td> 28.61 MB</td>
<td>29 MB</td>
<td>false</td>
<tr>
<td>103.174.106.1 Transmit</td>
<td> 1.05 MB</td>
<td>1 MB</td>
<td>false</td>
<tr>
<td>103.231.42.218 Total</td>
<td>19.21 MB</td>
<td>19.22 MB</td>
<td>false</td>
<tr>
<td>103.231.42.218 Received</td>
<td> 19.21 MB</td>
<td>19 MB</td>
<td>false</td>
<tr>
<td>103.231.42.218 Transmit</td>
<td> 6.80 KB</td>
<td>7 KB</td>
<td>false</td>
</tbody>
</table>]]>
  </system-out>
</testsuite> <!-- modules.Report -->
