<?xml version="1.0" encoding="UTF-8"?>
<!-- Generated by org.testng.reporters.JUnitReportReporter -->
<testsuite hostname="DESKTOP-L326GGM" failures="0" tests="9" name="COCmodules.DashBoard" time="227.856" errors="0" timestamp="2022-08-17T05:22:52 IST" skipped="0">
  <testcase classname="COCmodules.DashBoard" name="instanceTotalCount" time="10.604"/>
  <system-out>
    <![CDATA[<table border="1">
<thead>
<tr>
<th>Test Cases</th>
<th>Expected Result</th>
<th>Actual Result</th>
<th>Status</th>
</tr>
</thead>
<tbody>
<tr>
<td>Instance Total Count</td>
<td>29</td>
<td>29</td>
<td style="color:green">passed</td>
</tr>]]>
  </system-out>
  <testcase classname="COCmodules.DashBoard" name="instanceUpCount" time="10.661"/>
  <system-out>
    <![CDATA[<table border="1">
<thead>
<tr>
<th>Test Cases</th>
<th>Expected Result</th>
<th>Actual Result</th>
<th>Status</th>
</tr>
</thead>
<tbody>
<tr>
<td>instance Up Count</td>
<td>26</td>
<td>26</td>
<td style="color:green">passed</td>
</tr>]]>
  </system-out>
  <testcase classname="COCmodules.DashBoard" name="InstanceDownCount" time="10.623"/>
  <system-out>
    <![CDATA[<table border="1">
<thead>
<tr>
<th>Test Cases</th>
<th>Expected Result</th>
<th>Actual Result</th>
<th>Status</th>
</tr>
</thead>
<tbody>
<tr>
<td> instance Down Count</td>
<td>3</td>
<td>3</td>
<td style="color:green">passed</td>
</tr>]]>
  </system-out>
  <testcase classname="COCmodules.DashBoard" name="ServicesTotalCount" time="17.039"/>
  <system-out>
    <![CDATA[<table border="1">
<thead>
<tr>
<th>Test Cases</th>
<th>Expected Result</th>
<th>Actual Result</th>
<th>Status</th>
</tr>
</thead>
<tbody>
<tr>
<td>services Total Count</td>
<td>269</td>
<td>269</td>
<td style="color:green">passed</td>
</tr>]]>
  </system-out>
  <testcase classname="COCmodules.DashBoard" name="ServicesOk" time="21.326"/>
  <system-out>
    <![CDATA[<table border="1">
<thead>
<tr>
<th>Test Cases</th>
<th>Expected Result</th>
<th>Actual Result</th>
<th>Status</th>
</tr>
</thead>
<tbody>
<tr>
<td>services Ok Count</td>
<td>73</td>
<td>253</td>
<td style="color:red">failed</td>
</tr>]]>
  </system-out>
  <testcase classname="COCmodules.DashBoard" name="ServicesWarnCount" time="21.309"/>
  <system-out>
    <![CDATA[<table border="1">
<thead>
<tr>
<th>Test Cases</th>
<th>Expected Result</th>
<th>Actual Result</th>
<th>Status</th>
</tr>
</thead>
<tbody>
<tr>
<td> service warn</td>
<td>9</td>
<td>9</td>
<td style="color:green">passed</td>
</tr>]]>
  </system-out>
  <testcase classname="COCmodules.DashBoard" name="ServicesCriticalCount" time="21.292"/>
  <system-out>
    <![CDATA[<table border="1">
<thead>
<tr>
<th>Test Cases</th>
<th>Expected Result</th>
<th>Actual Result</th>
<th>Status</th>
</tr>
</thead>
<tbody>
<tr>
<td> service critical</td>
<td>7</td>
<td>7</td>
<td style="color:green">passed</td>
</tr>]]>
  </system-out>
  <testcase classname="COCmodules.DashBoard" name="Actions" time="57.206"/>
  <system-out>
    <![CDATA[<table border="1">
<thead>
<tr>
<th>Test Cases</th>
<th>Expected Result</th>
<th>Actual Result</th>
<th>Status</th>
</tr>
</thead>
<tbody>
<tr>
<td>performance link</td>
<td>https://dev.zybisys.com/coc/manage/zoom_view/graphs?lip=10.192.1.69&wip=154.83.3.29&datacenter=IN-MUM-WEST-1</td>
<td>https://dev.zybisys.com/coc/manage/zoom_view/graphs?lip=10.192.1.69&wip=154.83.3.29&datacenter=IN-MUM-WEST-1</td>
<td style="color:green">passed</td>
<tr>
<td>Assign vendor</td>
<td>https://dev.zybisys.com/coc/dashboard/vendor-data?ip=10-192-1-69</td>
<td>https://dev.zybisys.com/coc/dashboard/vendor-data?ip=10-192-1-69</td>
<td style="color:green">passed</td>
<tr>
<td>Edittags</td>
<td>test3</td>
<td>PROD
×
test4
×
test2
×
test3
×
test
×
test5
×
test6
×
test11
×
test14
×
test0
×</td>
<td style="color:green">passed</td>
<tr>
<td>Editinstance</td>
<td>zybisys</td>
<td>zybisys</td>
<td style="color:green">passed</td>
</tr>]]>
  </system-out>
  <testcase classname="COCmodules.DashBoard" name="ChildTags" time="57.796"/>
  <system-out>
    <![CDATA[<table border="1">
<thead>
<tr>
<th>Test Cases</th>
<th>Expected Result</th>
<th>Actual Result</th>
<th>Status</th>
</tr>
</thead>
<tbody>
<tr>
<td>Instance Tag</td>
<td>https://dev.zybisys.com/coc/manage/instance</td>
<td>https://dev.zybisys.com/coc/manage/instance</td>
<td style="color:green">passed</td>
</tr>
<tr>
<td>Backup Tag</td>
<td>https://dev.zybisys.com/coc/manage/backup</td>
<td>https://dev.zybisys.com/coc/manage/backup</td>
<td style="color:green">passed</td>
</tr>
<tr>
<td>Monitoring Tag</td>
<td>https://dev.zybisys.com/coc/manage/zoom_view/graphs?lip=10.192.1.68&wip=154.83.3.161&datacenter=IN-MUM-WEST-1</td>
<td>https://dev.zybisys.com/coc/manage/zoom_view/graphs?lip=10.192.1.68&wip=154.83.3.161&datacenter=IN-MUM-WEST-1</td>
<td style="color:green">passed</td>
</tr>
<tr>
<td>Billing Tag</td>
<td>https://dev.zybisys.com/coc/billings/invoices</td>
<td>https://dev.zybisys.com/coc/billings/invoices</td>
<td style="color:green">passed</td>
</tr>
<tr>
<td>Report Tag</td>
<td>https://dev.zybisys.com/coc/reports/bandwidth</td>
<td>https://dev.zybisys.com/coc/reports/bandwidth</td>
<td style="color:green">passed</td>
</tr>
</tr>]]>
  </system-out>
</testsuite> <!-- COCmodules.DashBoard -->
