<?xml version="1.0" encoding="UTF-8"?>
<!-- Generated by org.testng.reporters.JUnitReportReporter -->
<testsuite hostname="DESKTOP-L326GGM" failures="0" tests="1" name="modules.trisul.reports.TrisulReports" time="2.084" errors="0" timestamp="2022-04-22T10:03:04 IST" skipped="0">
  <testcase classname="modules.trisul.reports.TrisulReports" name="createdriver" time="2.084"/>
  <system-out/>
</testsuite> <!-- modules.trisul.reports.TrisulReports -->
