<?xml version="1.0" encoding="UTF-8"?>
<!-- Generated by org.testng.reporters.JUnitReportReporter -->
<testsuite hostname="DESKTOP-L326GGM" failures="0" tests="9" name="modules.DashBoard" time="135.713" errors="0" timestamp="2022-07-14T10:06:54 IST" skipped="0">
  <testcase classname="modules.DashBoard" name="instanceTotalCount" time="0.217"/>
  <system-out>
    <![CDATA[<table border="1">
<thead>
<tr>
<th>Test Cases</th>
<th>Expected Result</th>
<th>Actual Result</th>
<th>Status</th>
</tr>
</thead>
<tbody>
<tr>
<td>Instance Total Count</td>
<td>30</td>
<td>30</td>
<td style="color:green">passed</td>
</tr>]]>
  </system-out>
  <testcase classname="modules.DashBoard" name="instanceUpCount" time="0.129"/>
  <system-out>
    <![CDATA[<table border="1">
<thead>
<tr>
<th>Test Cases</th>
<th>Expected Result</th>
<th>Actual Result</th>
<th>Status</th>
</tr>
</thead>
<tbody>
<tr>
<td>instance Up Count</td>
<td>28</td>
<td>28</td>
<td style="color:green">passed</td>
</tr>]]>
  </system-out>
  <testcase classname="modules.DashBoard" name="InstanceDownCount" time="0.307"/>
  <system-out>
    <![CDATA[<table border="1">
<thead>
<tr>
<th>Test Cases</th>
<th>Expected Result</th>
<th>Actual Result</th>
<th>Status</th>
</tr>
</thead>
<tbody>
<tr>
<td> instance Down Count</td>
<td>2</td>
<td>2</td>
<td style="color:green">passed</td>
</tr>]]>
  </system-out>
  <testcase classname="modules.DashBoard" name="ServicesTotalCount" time="6.537"/>
  <system-out>
    <![CDATA[<table border="1">
<thead>
<tr>
<th>Test Cases</th>
<th>Expected Result</th>
<th>Actual Result</th>
<th>Status</th>
</tr>
</thead>
<tbody>
<tr>
<td>services Total Count</td>
<td>287</td>
<td>287</td>
<td style="color:green">passed</td>
</tr>]]>
  </system-out>
  <testcase classname="modules.DashBoard" name="ServicesOk" time="12.773"/>
  <system-out>
    <![CDATA[<table border="1">
<thead>
<tr>
<th>Test Cases</th>
<th>Expected Result</th>
<th>Actual Result</th>
<th>Status</th>
</tr>
</thead>
<tbody>
<tr>
<td>services Ok Count</td>
<td>266</td>
<td>266</td>
<td style="color:green">passed</td>
</tr>]]>
  </system-out>
  <testcase classname="modules.DashBoard" name="ServicesWarnCount" time="11.022"/>
  <system-out>
    <![CDATA[<table border="1">
<thead>
<tr>
<th>Test Cases</th>
<th>Expected Result</th>
<th>Actual Result</th>
<th>Status</th>
</tr>
</thead>
<tbody>
<tr>
<td> service warn</td>
<td>12</td>
<td>12</td>
<td style="color:green">passed</td>
</tr>]]>
  </system-out>
  <testcase classname="modules.DashBoard" name="ServicesCriticalCount" time="10.974"/>
  <system-out>
    <![CDATA[<table border="1">
<thead>
<tr>
<th>Test Cases</th>
<th>Expected Result</th>
<th>Actual Result</th>
<th>Status</th>
</tr>
</thead>
<tbody>
<tr>
<td> service critical</td>
<td>9</td>
<td>9</td>
<td style="color:green">passed</td>
</tr>]]>
  </system-out>
  <testcase classname="modules.DashBoard" name="Actions" time="46.629"/>
  <system-out>
    <![CDATA[<table border="1">
<thead>
<tr>
<th>Test Cases</th>
<th>Expected Result</th>
<th>Actual Result</th>
<th>Status</th>
</tr>
</thead>
<tbody>
<tr>
<td>performance link</td>
<td>https://dev.zybisys.com/coc/manage/zoom_view/graphs?lip=10.192.1.69&wip=154.83.3.29&datacenter=IN-MUM-WEST-1</td>
<td>https://dev.zybisys.com/coc/manage/zoom_view/graphs?lip=10.192.1.69&wip=154.83.3.29&datacenter=IN-MUM-WEST-1</td>
<td style="color:green">passed</td>
<tr>
<td>Assign vendor</td>
<td>https://dev.zybisys.com/coc/dashboard/vendor-data?ip=10-192-1-69</td>
<td>https://dev.zybisys.com/coc/dashboard/vendor-data?ip=10-192-1-69</td>
<td style="color:green">passed</td>
<tr>
<td>Edittags</td>
<td>test2</td>
<td>PROD
×
test4
×
test2
×
test3
×
test7
×
test8
×
test6
×
test0
×
test1
×</td>
<td style="color:green">passed</td>
<tr>
<td>Editinstance</td>
<td>zybisys</td>
<td>zybisys</td>
<td style="color:green">passed</td>
</tr>]]>
  </system-out>
  <testcase classname="modules.DashBoard" name="ChildTags" time="47.125"/>
  <system-out>
    <![CDATA[<table border="1">
<thead>
<tr>
<th>Test Cases</th>
<th>Expected Result</th>
<th>Actual Result</th>
<th>Status</th>
</tr>
</thead>
<tbody>
<tr>
<td>Instance Tag</td>
<td>https://dev.zybisys.com/coc/manage/instance</td>
<td>https://dev.zybisys.com/coc/manage/instance</td>
<td style="color:green">passed</td>
</tr>
<tr>
<td>Backup Tag</td>
<td>https://dev.zybisys.com/coc/manage/backup</td>
<td>https://dev.zybisys.com/coc/manage/backup</td>
<td style="color:green">passed</td>
</tr>
<tr>
<td>Monitoring Tag</td>
<td>https://dev.zybisys.com/coc/manage/zoom_view/graphs?lip=10.192.1.68&wip=154.83.3.161&datacenter=IN-MUM-WEST-1</td>
<td>https://dev.zybisys.com/coc/manage/zoom_view/graphs?lip=10.192.1.68&wip=154.83.3.161&datacenter=IN-MUM-WEST-1</td>
<td style="color:green">passed</td>
</tr>
<tr>
<td>Billing Tag</td>
<td>https://dev.zybisys.com/coc/billings/invoices</td>
<td>https://dev.zybisys.com/coc/billings/invoices</td>
<td style="color:green">passed</td>
</tr>
<tr>
<td>Report Tag</td>
<td>https://dev.zybisys.com/coc/reports/bandwidth</td>
<td>https://dev.zybisys.com/coc/reports/bandwidth</td>
<td style="color:green">passed</td>
</tr>
</tr>]]>
  </system-out>
</testsuite> <!-- modules.DashBoard -->
