<?xml version="1.0" encoding="UTF-8"?>
<!-- Generated by org.testng.reporters.JUnitReportReporter -->
<testsuite hostname="DESKTOP-L326GGM" failures="0" tests="1" name="modules.vmmaster.VmMaster" time="97.546" errors="0" timestamp="2022-08-11T12:30:05 IST" skipped="0">
  <testcase classname="modules.vmmaster.VmMaster" name="vmMaster" time="97.546"/>
  <system-out>
    <![CDATA[<table border="1">
<thead>
<tr>
<th>Test Cases</th>
<th>Expected Result</th>
<th>Actual Result</th>
<th>Status</th>
</tr>
</thead>
<tbody>
navigated successfulluy to https://uat-admin-console.zybisys.com/customers/details/5eb25f0c37ad1d2e13d2abf9</br>
entered successfully email admin@zybisys.com </br>
entered succesfully password Zyb1&y&0 </br>
Clicked on login succesfully
<tr>
<td>Addserver</td>
<td>pass</td>
<td>fail</td>
<td>fail</td>
<tr>
<table border="1">
<thead>
<tr>
<th>Test Cases</th>
<th>Widzet</th>
<th>VMlist</th>
<th>Status</th>
</tr>
</thead>
<tbody>
<tr>
<td>Total vms Count</td>
<td>175</td>
<td>175</td>
<td>true</td>
<tr>
<td>poweredonvms</td>
<td>164</td>
<td>164</td>
<td>true</td>
<tr>
<td>poweredoffvms</td>
<td>4</td>
<td>4</td>
<td>true</td>
<tr>
<td>poweredonvmspm</td>
<td>6</td>
<td>6</td>
<td>true</td>
<tr>
<td>poweredoffvmspm</td>
<td>1</td>
<td>1</td>
<td>true</td>
<tr>
<td>IN-MUM-WEST-1</td>
<tr>
<td>Total vms Count</td>
<td>98</td>
<td>98</td>
<td>true</td>
<tr>
<td>poweredonvms</td>
<td>94</td>
<td>94</td>
<td>true</td>
<tr>
<td>poweredoffvms</td>
<td>3</td>
<td>3</td>
<td>true</td>
<tr>
<td>poweredonvmspm</td>
<td>0</td>
<td>0</td>
<td>true</td>
<tr>
<td>poweredoffvmspm</td>
<td>1</td>
<td>1</td>
<td>true</td>
<tr>
<td>IN-MUM-WEST-2</td>
<tr>
<td>Total vms Count</td>
<td>71</td>
<td>71</td>
<td>true</td>
<tr>
<td>poweredonvms</td>
<td>70</td>
<td>70</td>
<td>true</td>
<tr>
<td>poweredoffvms</td>
<td>1</td>
<td>1</td>
<td>true</td>
<tr>
<td>poweredonvmspm</td>
<td>0</td>
<td>0</td>
<td>true</td>
<tr>
<td>poweredoffvmspm</td>
<td>0</td>
<td>0</td>
<td>true</td>
<tr>
<td>Server ON</td>
<tr>
<td>Total vms Count</td>
<td>170</td>
<td>170</td>
<td>true</td>
<tr>
<td>poweredonvms</td>
<td>164</td>
<td>164</td>
<td>true</td>
<tr>
<td>poweredoffvms</td>
<td>0</td>
<td>0</td>
<td>true</td>
<tr>
<td>poweredonvmspm</td>
<td>6</td>
<td>6</td>
<td>true</td>
<tr>
<td>poweredoffvmspm</td>
<td>0</td>
<td>0</td>
<td>true</td>
<tr>
<td>Server OFF</td>
<tr>
<td>Total vms Count</td>
<td>5</td>
<td>5</td>
<td>true</td>
<tr>
<td>poweredonvms</td>
<td>0</td>
<td>0</td>
<td>true</td>
<tr>
<td>poweredoffvms</td>
<td>4</td>
<td>4</td>
<td>true</td>
<tr>
<td>poweredonvmspm</td>
<td>0</td>
<td>0</td>
<td>true</td>
<tr>
<td>poweredoffvmspm</td>
<td>1</td>
<td>1</td>
<td>true</td>
<tr>
<td>Virtual Instances</td>
<tr>
<td>Total vms Count</td>
<td>168</td>
<td>168</td>
<td>true</td>
<tr>
<td>poweredonvms</td>
<td>164</td>
<td>164</td>
<td>true</td>
<tr>
<td>poweredoffvms</td>
<td>4</td>
<td>4</td>
<td>true</td>
<tr>
<td>poweredonvmspm</td>
<td>0</td>
<td>0</td>
<td>true</td>
<tr>
<td>poweredoffvmspm</td>
<td>0</td>
<td>0</td>
<td>true</td>
<tr>
<td>Physical Instances</td>
<tr>
<td>Total vms Count</td>
<td>7</td>
<td>7</td>
<td>true</td>
<tr>
<td>poweredonvms</td>
<td>0</td>
<td>0</td>
<td>true</td>
<tr>
<td>poweredoffvms</td>
<td>0</td>
<td>0</td>
<td>true</td>
<tr>
<td>poweredonvmspm</td>
<td>6</td>
<td>6</td>
<td>true</td>
<tr>
<td>poweredoffvmspm</td>
<td>1</td>
<td>1</td>
<td>true</td>
<tr>
<td>Untagged Servers</td>
<tr>
<td>Total vms Count</td>
<td>89</td>
<td>89</td>
<td>true</td>
<tr>
<td>poweredonvms</td>
<td>12</td>
<td>12</td>
<td>true</td>
<tr>
<td>poweredoffvms</td>
<td>76</td>
<td>76</td>
<td>true</td>
<tr>
<td>poweredonvmspm</td>
<td>0</td>
<td>0</td>
<td>true</td>
<tr>
<td>poweredoffvmspm</td>
<td>1</td>
<td>1</td>
<td>true</td>]]>
  </system-out>
</testsuite> <!-- modules.vmmaster.VmMaster -->
