<?xml version="1.0" encoding="UTF-8"?>
<!-- Generated by org.testng.reporters.JUnitReportReporter -->
<testsuite hostname="DESKTOP-L326GGM" failures="0" tests="3" name="COCmodules.instance" time="97.347" errors="0" timestamp="2022-08-13T11:44:09 IST" skipped="0">
  <testcase classname="COCmodules.instance" name="setUp" time="10.114"/>
  <system-out/>
  <testcase classname="COCmodules.instance" name="verifyInstance" time="73.589"/>
  <system-out>
    <![CDATA[<table border="1">
<thead>
<tr>
<th>Test Cases</th>
<th>Expected ok Result</th>
<th>Actual ok Result</th>
<th>Expected warn Result</th>
<th>Actual warn Result</th>
<th>Expected critical Result</th>
<th>Actaul critical Result</th>
<th>Status</th>
</tr>
</thead>
<tbody>
<tr>
<td>localhost</td>
<td>13</td>
<td style="color:green">13</td>
<td>0</td>
<td style="color:green">0</td>
<td>0</td>
<td style="color:green">0</td>
<td style="color:green">Pass</td>
</tr>
<tr>
<td>localhost</td>
<td>15</td>
<td style="color:green">15</td>
<td>0</td>
<td style="color:green">0</td>
<td>0</td>
<td style="color:green">0</td>
<td style="color:green">Pass</td>
</tr>
<tr>
<td>Zybisys-WIN</td>
<td>9</td>
<td style="color:green">9</td>
<td>2</td>
<td style="color:green">2</td>
<td>1</td>
<td style="color:green">1</td>
<td style="color:green">Pass</td>
</tr>
<tr>
<td>zybisys-website</td>
<td>20</td>
<td style="color:green">20</td>
<td>0</td>
<td style="color:green">0</td>
<td>0</td>
<td style="color:green">0</td>
<td style="color:green">Pass</td>
</tr>
<tr>
<td>zybisys</td>
<td>18</td>
<td style="color:green">18</td>
<td>1</td>
<td style="color:green">1</td>
<td>0</td>
<td style="color:green">0</td>
<td style="color:green">Pass</td>
</tr>
<tr>
<td>CLOUD-CONNECT-STAGING-SRV</td>
<td>11</td>
<td style="color:green">11</td>
<td>0</td>
<td style="color:green">0</td>
<td>0</td>
<td style="color:green">0</td>
<td style="color:green">Pass</td>
</tr>
<tr>
<td>ZYBI-TRISUL-API-SRV</td>
<td>15</td>
<td style="color:green">15</td>
<td>0</td>
<td style="color:green">0</td>
<td>1</td>
<td style="color:green">1</td>
<td style="color:green">Pass</td>
</tr>
<tr>
<td>bacula-test</td>
<td>14</td>
<td style="color:green">14</td>
<td>0</td>
<td style="color:green">0</td>
<td>0</td>
<td style="color:green">0</td>
<td style="color:green">Pass</td>
</tr>
<tr>
<td>bacula-prod-srv</td>
<td>17</td>
<td style="color:green">17</td>
<td>0</td>
<td style="color:green">0</td>
<td>0</td>
<td style="color:green">0</td>
<td style="color:green">Pass</td>
</tr>
<tr>
<td>ZYBI-SFTP-SRV</td>
<td>19</td>
<td style="color:green">19</td>
<td>0</td>
<td style="color:green">0</td>
<td>0</td>
<td style="color:green">0</td>
<td style="color:green">Pass</td>
</tr>
<tr>
<td>bacula-function-testing-server</td>
<td>16</td>
<td style="color:green">16</td>
<td>0</td>
<td style="color:green">0</td>
<td>0</td>
<td style="color:green">0</td>
<td style="color:green">Pass</td>
</tr>
<tr>
<td>zoomview-prod</td>
<td>23</td>
<td style="color:green">23</td>
<td>0</td>
<td style="color:green">0</td>
<td>0</td>
<td style="color:green">0</td>
<td style="color:green">Pass</td>
</tr>
<tr>
<td>zcs-in-west1-c1s1comp1</td>
<td>20</td>
<td style="color:green">20</td>
<td>2</td>
<td style="color:green">2</td>
<td>3</td>
<td style="color:green">3</td>
<td style="color:green">Pass</td>
</tr>
<tr>
<td>zcs-in-west1-c1s1comp2</td>
<td>21</td>
<td style="color:green">21</td>
<td>2</td>
<td style="color:green">2</td>
<td>1</td>
<td style="color:green">1</td>
<td style="color:green">Pass</td>
</tr>
<tr>
<td>zcs-in-west1-c1s1comp3</td>
<td>22</td>
<td style="color:green">22</td>
<td>2</td>
<td style="color:green">2</td>
<td>1</td>
<td style="color:green">1</td>
<td style="color:green">Pass</td>
</tr>]]>
  </system-out>
  <testcase classname="COCmodules.instance" name="Action" time="13.644"/>
  <system-out>
    <![CDATA[<table border="1">
<thead>
<tr>
<th>Test Cases</th>
<th>Expected Result</th>
<th>Actual Result</th>
<th>Status</th>
</tr>
</thead>
<tbody>
<tr>
<tr>
<td>performance link</td>
<td>https://dev.zybisys.com/coc/manage/zoom_view/graphs?lip=10.192.1.69&wip=154.83.3.29&datacenter=IN-MUM-WEST-1</td>
<td>https://dev.zybisys.com/coc/manage/zoom_view/graphs?lip=10.192.1.49&wip=&datacenter=IN-MUM-WEST-1</td>
<td style="color:green">passed</td>
</tr>
</tbody>
</table>]]>
  </system-out>
</testsuite> <!-- COCmodules.instance -->
