<?xml version="1.0" encoding="UTF-8"?>
<!-- Generated by org.testng.reporters.JUnitReportReporter -->
<testsuite hostname="DESKTOP-L326GGM" failures="0" tests="2" name="modules.Backup" time="87.109" errors="0" timestamp="2022-07-06T07:42:28 IST" skipped="0">
  <testcase classname="modules.Backup" name="setUp" time="12.594"/>
  <system-out/>
  <testcase classname="modules.Backup" name="verifySubscription" time="74.515"/>
  <system-out/>
</testsuite> <!-- modules.Backup -->
