<?xml version="1.0" encoding="UTF-8"?>
<!-- Generated by org.testng.reporters.JUnitReportReporter -->
<testsuite hostname="DESKTOP-L326GGM" failures="0" tests="1" name="COCmodules.BandWidthReport" time="362.889" errors="1" timestamp="2022-08-17T18:29:54 IST" skipped="0">
  <testcase classname="COCmodules.BandWidthReport" name="main" time="362.889">
    <error message="element click intercepted: Element &lt;input aria-invalid=&quot;false&quot; readonly=&quot;&quot; type=&quot;text&quot; class=&quot;MuiInputBase-input MuiOutlinedInput-input MuiInputBase-inputMarginDense MuiOutlinedInput-inputMarginDense&quot; value=&quot;August 17, 2022  18:14&quot;&gt; is not clickable at point (204, 156). Other element would receive the click: &lt;div class=&quot;sc-bdnxRM jvCTkj&quot;&gt;...&lt;/div&gt;
  (Session info: chrome=104.0.5112.82)
Build info: version: &#039;3.14.0&#039;, revision: &#039;aacccce0&#039;, time: &#039;2018-08-02T20:19:58.91Z&#039;
System info: host: &#039;DESKTOP-L326GGM&#039;, ip: &#039;192.168.1.35&#039;, os.name: &#039;Windows 10&#039;, os.arch: &#039;amd64&#039;, os.version: &#039;10.0&#039;, java.version: &#039;15.0.2&#039;
Driver info: org.openqa.selenium.chrome.ChromeDriver
Capabilities {acceptInsecureCerts: false, browserName: chrome, browserVersion: 104.0.5112.82, chrome: {chromedriverVersion: 104.0.5112.79 (3cf3e8c8a07d..., userDataDir: C:\Users\dell\AppData\Local...}, goog:chromeOptions: {debuggerAddress: localhost:60412}, javascriptEnabled: true, networkConnectionEnabled: false, pageLoadStrategy: normal, platform: WINDOWS, platformName: WINDOWS, proxy: Proxy(), setWindowRect: true, strictFileInteractability: false, timeouts: {implicit: 0, pageLoad: 300000, script: 30000}, unhandledPromptBehavior: dismiss and notify, webauthn:extension:credBlob: true, webauthn:extension:largeBlob: true, webauthn:virtualAuthenticators: true}
Session ID: a6146a5ccf0b0bff97fcba4536435d6b" type="org.openqa.selenium.ElementClickInterceptedException">
      <![CDATA[org.openqa.selenium.ElementClickInterceptedException: element click intercepted: Element <input aria-invalid="false" readonly="" type="text" class="MuiInputBase-input MuiOutlinedInput-input MuiInputBase-inputMarginDense MuiOutlinedInput-inputMarginDense" value="August 17, 2022  18:14"> is not clickable at point (204, 156). Other element would receive the click: <div class="sc-bdnxRM jvCTkj">...</div>
  (Session info: chrome=104.0.5112.82)
Build info: version: '3.14.0', revision: 'aacccce0', time: '2018-08-02T20:19:58.91Z'
System info: host: 'DESKTOP-L326GGM', ip: '192.168.1.35', os.name: 'Windows 10', os.arch: 'amd64', os.version: '10.0', java.version: '15.0.2'
Driver info: org.openqa.selenium.chrome.ChromeDriver
Capabilities {acceptInsecureCerts: false, browserName: chrome, browserVersion: 104.0.5112.82, chrome: {chromedriverVersion: 104.0.5112.79 (3cf3e8c8a07d..., userDataDir: C:\Users\dell\AppData\Local...}, goog:chromeOptions: {debuggerAddress: localhost:60412}, javascriptEnabled: true, networkConnectionEnabled: false, pageLoadStrategy: normal, platform: WINDOWS, platformName: WINDOWS, proxy: Proxy(), setWindowRect: true, strictFileInteractability: false, timeouts: {implicit: 0, pageLoad: 300000, script: 30000}, unhandledPromptBehavior: dismiss and notify, webauthn:extension:credBlob: true, webauthn:extension:largeBlob: true, webauthn:virtualAuthenticators: true}
Session ID: a6146a5ccf0b0bff97fcba4536435d6b
at java.base/jdk.internal.reflect.NativeConstructorAccessorImpl.newInstance0(Native Method)
at java.base/jdk.internal.reflect.NativeConstructorAccessorImpl.newInstance(NativeConstructorAccessorImpl.java:64)
at java.base/jdk.internal.reflect.DelegatingConstructorAccessorImpl.newInstance(DelegatingConstructorAccessorImpl.java:45)
at java.base/java.lang.reflect.Constructor.newInstanceWithCaller(Constructor.java:500)
at java.base/java.lang.reflect.Constructor.newInstance(Constructor.java:481)
at org.openqa.selenium.remote.http.W3CHttpResponseCodec.createException(W3CHttpResponseCodec.java:187)
at org.openqa.selenium.remote.http.W3CHttpResponseCodec.decode(W3CHttpResponseCodec.java:122)
at org.openqa.selenium.remote.http.W3CHttpResponseCodec.decode(W3CHttpResponseCodec.java:49)
at org.openqa.selenium.remote.HttpCommandExecutor.execute(HttpCommandExecutor.java:158)
at org.openqa.selenium.remote.service.DriverCommandExecutor.execute(DriverCommandExecutor.java:83)
at org.openqa.selenium.remote.RemoteWebDriver.execute(RemoteWebDriver.java:548)
at org.openqa.selenium.remote.RemoteWebElement.execute(RemoteWebElement.java:276)
at org.openqa.selenium.remote.RemoteWebElement.click(RemoteWebElement.java:83)
at COCmodules.IpTracking.selectDateandTime(IpTracking.java:222)
at COCmodules.IpTracking.getRecevedGbForIpAddress(IpTracking.java:43)
at COCmodules.BandWidthReport.main(BandWidthReport.java:148)
at java.base/jdk.internal.reflect.NativeMethodAccessorImpl.invoke0(Native Method)
at java.base/jdk.internal.reflect.NativeMethodAccessorImpl.invoke(NativeMethodAccessorImpl.java:64)
at java.base/jdk.internal.reflect.DelegatingMethodAccessorImpl.invoke(DelegatingMethodAccessorImpl.java:43)
at java.base/java.lang.reflect.Method.invoke(Method.java:564)
at org.testng.internal.MethodInvocationHelper.invokeMethod(MethodInvocationHelper.java:133)
at org.testng.internal.TestInvoker.invokeMethod(TestInvoker.java:598)
at org.testng.internal.TestInvoker.invokeTestMethod(TestInvoker.java:173)
at org.testng.internal.MethodRunner.runInSequence(MethodRunner.java:46)
at org.testng.internal.TestInvoker$MethodInvocationAgent.invoke(TestInvoker.java:824)
at org.testng.internal.TestInvoker.invokeTestMethods(TestInvoker.java:146)
at org.testng.internal.TestMethodWorker.invokeTestMethods(TestMethodWorker.java:146)
at org.testng.internal.TestMethodWorker.run(TestMethodWorker.java:128)
at java.base/java.util.ArrayList.forEach(ArrayList.java:1511)
at org.testng.TestRunner.privateRun(TestRunner.java:794)
at org.testng.TestRunner.run(TestRunner.java:596)
at org.testng.SuiteRunner.runTest(SuiteRunner.java:377)
at org.testng.SuiteRunner.runSequentially(SuiteRunner.java:371)
at org.testng.SuiteRunner.privateRun(SuiteRunner.java:332)
at org.testng.SuiteRunner.run(SuiteRunner.java:276)
at org.testng.SuiteRunnerWorker.runSuite(SuiteRunnerWorker.java:53)
at org.testng.SuiteRunnerWorker.run(SuiteRunnerWorker.java:96)
at org.testng.TestNG.runSuitesSequentially(TestNG.java:1212)
at org.testng.TestNG.runSuitesLocally(TestNG.java:1134)
at org.testng.TestNG.runSuites(TestNG.java:1063)
at org.testng.TestNG.run(TestNG.java:1031)
at org.testng.remote.AbstractRemoteTestNG.run(AbstractRemoteTestNG.java:115)
at org.testng.remote.RemoteTestNG.initAndRun(RemoteTestNG.java:251)
at org.testng.remote.RemoteTestNG.main(RemoteTestNG.java:77)
]]>
    </error>
  </testcase> <!-- main -->
  <system-out>
    <![CDATA[<td>Received Bandwith comparison with Top Apps</td>
<tr>
<table border="1">
<thead>
<tr>
<th>IPaddress</th>
<th>Bandwith</th>
<th>Top Apps</th>
<th>Expected status</th>
<th>Status</th>
</tr>
</thead>
<tbody>
<td>154.83.3.8</td>
<td>949 MB</td>
<td>948.4878</td>
<td>pass</td>
<td style="color:red">failed</td>
</tr>
<td>154.83.3.29</td>
<td>60 MB</td>
<td>59.2965</td>
<td>pass</td>
<td style="color:red">failed</td>
</tr>
<td>154.83.3.161</td>
<td>38 MB</td>
<td>37.986084</td>
<td>pass</td>
<td style="color:red">failed</td>
</tr>
<td>103.174.106.1</td>
<td>10 MB</td>
<td>9.3950205</td>
<td>pass</td>
<td style="color:red">failed</td>
</tr>
<td>103.231.42.218</td>
<td>1 MB</td>
<td>0.32871997</td>
<td>pass</td>
<td style="color:red">failed</td>
</tr>
<td>Received Bandwith comparison with Iptracking</td>
<tr>
<table border="1">
<thead>
<tr>
<th>IPaddress</th>
<th>Bandwith</th>
<th>Ip tracking</th>
<th>Expected status</th>
<th>Status</th>
</tr>
</thead>
<tbody>
<table border="1">
<thead>
<tr>
<th>IPaddress</th>
<th>TrisulReport</th>
<th>COCReport</th>
<th>Status</th>
</tr>
</thead>
<tbody>
<tr>
<td>154.83.3.8</td>
<td>949 MB</td>
<td>0.0</td>
<td>pass</td>
<td style="color:red">failed</td>
</tr>
<table border="1">
<thead>
<tr>
<th>IPaddress</th>
<th>TrisulReport</th>
<th>COCReport</th>
<th>Status</th>
</tr>
</thead>
<tbody>
<tr>]]>
  </system-out>
</testsuite> <!-- COCmodules.BandWidthReport -->
